<?xml version="1.0" encoding="UTF-8"?>
<!-- Generated by org.testng.reporters.JUnitReportReporter -->
<testsuite skipped="0" hostname="lakshma-HP" name="Runner.TestRunner" tests="1" failures="0" timestamp="28 Sep 2017 23:52:04 GMT" time="50.565" errors="0">
  <testcase name="feature" time="50.565" classname="Runner.TestRunner"/>
</testsuite> <!-- Runner.TestRunner -->
